15:14:14,013 DEBUG 2016-04-19 15:14:14,013 dvk.core.Settings.extractSettings:389 - server_jdigidoc_config_location conf value: jar://jdigidoc.cfg
15:14:14,018 SERVICEINFO 2016-04-19 15:14:14,018 dhl.CoreServices.listMethods:139 - Sissetulev päring teenusele ListMethods
17:34:00,919 DEBUG 2016-04-19 17:34:00,919 dvk.core.Settings.extractSettings:389 - server_jdigidoc_config_location conf value: jar://jdigidoc.cfg
17:34:00,924 SERVICEINFO 2016-04-19 17:34:00,924 dhl.CoreServices.listMethods:139 - Sissetulev päring teenusele ListMethods
19:47:11,175 DEBUG 2016-04-20 19:47:11,175 dvk.core.Settings.extractSettings:389 - server_jdigidoc_config_location conf value: jar://jdigidoc.cfg
19:47:11,180 SERVICEINFO 2016-04-20 19:47:11,180 dhl.CoreServices.listMethods:139 - Sissetulev päring teenusele ListMethods
19:13:15,686 DEBUG 2016-04-21 19:13:15,686 dvk.core.Settings.extractSettings:389 - server_jdigidoc_config_location conf value: jar://jdigidoc.cfg
19:13:15,691 SERVICEINFO 2016-04-21 19:13:15,691 dhl.CoreServices.listMethods:139 - Sissetulev päring teenusele ListMethods
15:36:40,973 FATAL 2016-04-22 15:36:40,973 dhl.CoreServices.<init>:111 - DVK configuration error. Specified configuration file dows not exist!
java.io.FileNotFoundException: DVK configuration error. Specified configuration file dows not exist!
	at dhl.CoreServices.<init>(CoreServices.java:89) [classes/:?]
	at sun.reflect.NativeConstructorAccessorImpl.newInstance0(Native Method) ~[?:1.8.0_77]
	at sun.reflect.NativeConstructorAccessorImpl.newInstance(NativeConstructorAccessorImpl.java:62) [?:1.8.0_77]
	at sun.reflect.DelegatingConstructorAccessorImpl.newInstance(DelegatingConstructorAccessorImpl.java:45) [?:1.8.0_77]
	at java.lang.reflect.Constructor.newInstance(Constructor.java:423) [?:1.8.0_77]
	at java.lang.Class.newInstance(Class.java:442) [?:1.8.0_77]
	at org.apache.axis.providers.java.JavaProvider.makeNewServiceObject(JavaProvider.java:385) [axis-1.0.jar:?]
	at org.apache.axis.providers.java.JavaProvider.getNewServiceObject(JavaProvider.java:235) [axis-1.0.jar:?]
	at org.apache.axis.providers.java.JavaProvider.getServiceObject(JavaProvider.java:91) [axis-1.0.jar:?]
	at org.apache.axis.providers.java.JavaProvider.invoke(JavaProvider.java:287) [axis-1.0.jar:?]
	at org.apache.axis.strategies.InvocationStrategy.visit(InvocationStrategy.java:32) [axis-1.0.jar:?]
	at org.apache.axis.SimpleChain.doVisiting(SimpleChain.java:118) [axis-1.0.jar:?]
	at org.apache.axis.SimpleChain.invoke(SimpleChain.java:83) [axis-1.0.jar:?]
	at org.apache.axis.handlers.soap.SOAPService.invoke(SOAPService.java:454) [axis-1.0.jar:?]
	at org.apache.axis.server.AxisServer.invoke(AxisServer.java:281) [axis-1.0.jar:?]
	at org.apache.axis.transport.http.AxisServlet.doPost(AxisServlet.java:699) [axis-1.0.jar:?]
	at javax.servlet.http.HttpServlet.service(HttpServlet.java:727) [servlet-api-2.5-20081211.jar:?]
	at org.apache.axis.transport.http.AxisServletBase.service(AxisServletBase.java:327) [axis-1.0.jar:?]
	at javax.servlet.http.HttpServlet.service(HttpServlet.java:820) [servlet-api-2.5-20081211.jar:?]
	at org.mortbay.jetty.servlet.ServletHolder.handle(ServletHolder.java:511) [jetty-6.1.26.jar:6.1.26]
	at org.mortbay.jetty.servlet.ServletHandler.handle(ServletHandler.java:401) [jetty-6.1.26.jar:6.1.26]
	at org.mortbay.jetty.security.SecurityHandler.handle(SecurityHandler.java:216) [jetty-6.1.26.jar:6.1.26]
	at org.mortbay.jetty.servlet.SessionHandler.handle(SessionHandler.java:182) [jetty-6.1.26.jar:6.1.26]
	at org.mortbay.jetty.handler.ContextHandler.handle(ContextHandler.java:766) [jetty-6.1.26.jar:6.1.26]
	at org.mortbay.jetty.webapp.WebAppContext.handle(WebAppContext.java:450) [jetty-6.1.26.jar:6.1.26]
	at org.mortbay.jetty.handler.ContextHandlerCollection.handle(ContextHandlerCollection.java:230) [jetty-6.1.26.jar:6.1.26]
	at org.mortbay.jetty.handler.HandlerCollection.handle(HandlerCollection.java:114) [jetty-6.1.26.jar:6.1.26]
	at org.mortbay.jetty.handler.HandlerWrapper.handle(HandlerWrapper.java:152) [jetty-6.1.26.jar:6.1.26]
	at org.mortbay.jetty.Server.handle(Server.java:326) [jetty-6.1.26.jar:6.1.26]
	at org.mortbay.jetty.HttpConnection.handleRequest(HttpConnection.java:542) [jetty-6.1.26.jar:6.1.26]
	at org.mortbay.jetty.HttpConnection$RequestHandler.content(HttpConnection.java:945) [jetty-6.1.26.jar:6.1.26]
	at org.mortbay.jetty.HttpParser.parseNext(HttpParser.java:756) [jetty-6.1.26.jar:6.1.26]
	at org.mortbay.jetty.HttpParser.parseAvailable(HttpParser.java:218) [jetty-6.1.26.jar:6.1.26]
	at org.mortbay.jetty.HttpConnection.handle(HttpConnection.java:404) [jetty-6.1.26.jar:6.1.26]
	at org.mortbay.io.nio.SelectChannelEndPoint.run(SelectChannelEndPoint.java:410) [jetty-6.1.26.jar:6.1.26]
	at org.mortbay.thread.QueuedThreadPool$PoolThread.run(QueuedThreadPool.java:582) [jetty-util-6.1.26.jar:6.1.26]
15:39:14,371 FATAL 2016-04-22 15:39:14,371 dhl.CoreServices.<init>:111 - DVK configuration error. Specified configuration file dows not exist!
java.io.FileNotFoundException: DVK configuration error. Specified configuration file dows not exist!
	at dhl.CoreServices.<init>(CoreServices.java:89) [classes/:?]
	at sun.reflect.NativeConstructorAccessorImpl.newInstance0(Native Method) ~[?:1.8.0_77]
	at sun.reflect.NativeConstructorAccessorImpl.newInstance(NativeConstructorAccessorImpl.java:62) [?:1.8.0_77]
	at sun.reflect.DelegatingConstructorAccessorImpl.newInstance(DelegatingConstructorAccessorImpl.java:45) [?:1.8.0_77]
	at java.lang.reflect.Constructor.newInstance(Constructor.java:423) [?:1.8.0_77]
	at java.lang.Class.newInstance(Class.java:442) [?:1.8.0_77]
	at org.apache.axis.providers.java.JavaProvider.makeNewServiceObject(JavaProvider.java:385) [axis-1.0.jar:?]
	at org.apache.axis.providers.java.JavaProvider.getNewServiceObject(JavaProvider.java:235) [axis-1.0.jar:?]
	at org.apache.axis.providers.java.JavaProvider.getServiceObject(JavaProvider.java:91) [axis-1.0.jar:?]
	at org.apache.axis.providers.java.JavaProvider.invoke(JavaProvider.java:287) [axis-1.0.jar:?]
	at org.apache.axis.strategies.InvocationStrategy.visit(InvocationStrategy.java:32) [axis-1.0.jar:?]
	at org.apache.axis.SimpleChain.doVisiting(SimpleChain.java:118) [axis-1.0.jar:?]
	at org.apache.axis.SimpleChain.invoke(SimpleChain.java:83) [axis-1.0.jar:?]
	at org.apache.axis.handlers.soap.SOAPService.invoke(SOAPService.java:454) [axis-1.0.jar:?]
	at org.apache.axis.server.AxisServer.invoke(AxisServer.java:281) [axis-1.0.jar:?]
	at org.apache.axis.transport.http.AxisServlet.doPost(AxisServlet.java:699) [axis-1.0.jar:?]
	at javax.servlet.http.HttpServlet.service(HttpServlet.java:727) [servlet-api-2.5-20081211.jar:?]
	at org.apache.axis.transport.http.AxisServletBase.service(AxisServletBase.java:327) [axis-1.0.jar:?]
	at javax.servlet.http.HttpServlet.service(HttpServlet.java:820) [servlet-api-2.5-20081211.jar:?]
	at org.mortbay.jetty.servlet.ServletHolder.handle(ServletHolder.java:511) [jetty-6.1.26.jar:6.1.26]
	at org.mortbay.jetty.servlet.ServletHandler.handle(ServletHandler.java:401) [jetty-6.1.26.jar:6.1.26]
	at org.mortbay.jetty.security.SecurityHandler.handle(SecurityHandler.java:216) [jetty-6.1.26.jar:6.1.26]
	at org.mortbay.jetty.servlet.SessionHandler.handle(SessionHandler.java:182) [jetty-6.1.26.jar:6.1.26]
	at org.mortbay.jetty.handler.ContextHandler.handle(ContextHandler.java:766) [jetty-6.1.26.jar:6.1.26]
	at org.mortbay.jetty.webapp.WebAppContext.handle(WebAppContext.java:450) [jetty-6.1.26.jar:6.1.26]
	at org.mortbay.jetty.handler.ContextHandlerCollection.handle(ContextHandlerCollection.java:230) [jetty-6.1.26.jar:6.1.26]
	at org.mortbay.jetty.handler.HandlerCollection.handle(HandlerCollection.java:114) [jetty-6.1.26.jar:6.1.26]
	at org.mortbay.jetty.handler.HandlerWrapper.handle(HandlerWrapper.java:152) [jetty-6.1.26.jar:6.1.26]
	at org.mortbay.jetty.Server.handle(Server.java:326) [jetty-6.1.26.jar:6.1.26]
	at org.mortbay.jetty.HttpConnection.handleRequest(HttpConnection.java:542) [jetty-6.1.26.jar:6.1.26]
	at org.mortbay.jetty.HttpConnection$RequestHandler.content(HttpConnection.java:945) [jetty-6.1.26.jar:6.1.26]
	at org.mortbay.jetty.HttpParser.parseNext(HttpParser.java:756) [jetty-6.1.26.jar:6.1.26]
	at org.mortbay.jetty.HttpParser.parseAvailable(HttpParser.java:218) [jetty-6.1.26.jar:6.1.26]
	at org.mortbay.jetty.HttpConnection.handle(HttpConnection.java:404) [jetty-6.1.26.jar:6.1.26]
	at org.mortbay.io.nio.SelectChannelEndPoint.run(SelectChannelEndPoint.java:410) [jetty-6.1.26.jar:6.1.26]
	at org.mortbay.thread.QueuedThreadPool$PoolThread.run(QueuedThreadPool.java:582) [jetty-util-6.1.26.jar:6.1.26]
15:39:16,096 FATAL 2016-04-22 15:39:16,096 dhl.CoreServices.<init>:111 - DVK configuration error. Specified configuration file dows not exist!
java.io.FileNotFoundException: DVK configuration error. Specified configuration file dows not exist!
	at dhl.CoreServices.<init>(CoreServices.java:89) [classes/:?]
	at sun.reflect.NativeConstructorAccessorImpl.newInstance0(Native Method) ~[?:1.8.0_77]
	at sun.reflect.NativeConstructorAccessorImpl.newInstance(NativeConstructorAccessorImpl.java:62) [?:1.8.0_77]
	at sun.reflect.DelegatingConstructorAccessorImpl.newInstance(DelegatingConstructorAccessorImpl.java:45) [?:1.8.0_77]
	at java.lang.reflect.Constructor.newInstance(Constructor.java:423) [?:1.8.0_77]
	at java.lang.Class.newInstance(Class.java:442) [?:1.8.0_77]
	at org.apache.axis.providers.java.JavaProvider.makeNewServiceObject(JavaProvider.java:385) [axis-1.0.jar:?]
	at org.apache.axis.providers.java.JavaProvider.getNewServiceObject(JavaProvider.java:235) [axis-1.0.jar:?]
	at org.apache.axis.providers.java.JavaProvider.getServiceObject(JavaProvider.java:91) [axis-1.0.jar:?]
	at org.apache.axis.providers.java.JavaProvider.invoke(JavaProvider.java:287) [axis-1.0.jar:?]
	at org.apache.axis.strategies.InvocationStrategy.visit(InvocationStrategy.java:32) [axis-1.0.jar:?]
	at org.apache.axis.SimpleChain.doVisiting(SimpleChain.java:118) [axis-1.0.jar:?]
	at org.apache.axis.SimpleChain.invoke(SimpleChain.java:83) [axis-1.0.jar:?]
	at org.apache.axis.handlers.soap.SOAPService.invoke(SOAPService.java:454) [axis-1.0.jar:?]
	at org.apache.axis.server.AxisServer.invoke(AxisServer.java:281) [axis-1.0.jar:?]
	at org.apache.axis.transport.http.AxisServlet.doPost(AxisServlet.java:699) [axis-1.0.jar:?]
	at javax.servlet.http.HttpServlet.service(HttpServlet.java:727) [servlet-api-2.5-20081211.jar:?]
	at org.apache.axis.transport.http.AxisServletBase.service(AxisServletBase.java:327) [axis-1.0.jar:?]
	at javax.servlet.http.HttpServlet.service(HttpServlet.java:820) [servlet-api-2.5-20081211.jar:?]
	at org.mortbay.jetty.servlet.ServletHolder.handle(ServletHolder.java:511) [jetty-6.1.26.jar:6.1.26]
	at org.mortbay.jetty.servlet.ServletHandler.handle(ServletHandler.java:401) [jetty-6.1.26.jar:6.1.26]
	at org.mortbay.jetty.security.SecurityHandler.handle(SecurityHandler.java:216) [jetty-6.1.26.jar:6.1.26]
	at org.mortbay.jetty.servlet.SessionHandler.handle(SessionHandler.java:182) [jetty-6.1.26.jar:6.1.26]
	at org.mortbay.jetty.handler.ContextHandler.handle(ContextHandler.java:766) [jetty-6.1.26.jar:6.1.26]
	at org.mortbay.jetty.webapp.WebAppContext.handle(WebAppContext.java:450) [jetty-6.1.26.jar:6.1.26]
	at org.mortbay.jetty.handler.ContextHandlerCollection.handle(ContextHandlerCollection.java:230) [jetty-6.1.26.jar:6.1.26]
	at org.mortbay.jetty.handler.HandlerCollection.handle(HandlerCollection.java:114) [jetty-6.1.26.jar:6.1.26]
	at org.mortbay.jetty.handler.HandlerWrapper.handle(HandlerWrapper.java:152) [jetty-6.1.26.jar:6.1.26]
	at org.mortbay.jetty.Server.handle(Server.java:326) [jetty-6.1.26.jar:6.1.26]
	at org.mortbay.jetty.HttpConnection.handleRequest(HttpConnection.java:542) [jetty-6.1.26.jar:6.1.26]
	at org.mortbay.jetty.HttpConnection$RequestHandler.content(HttpConnection.java:945) [jetty-6.1.26.jar:6.1.26]
	at org.mortbay.jetty.HttpParser.parseNext(HttpParser.java:756) [jetty-6.1.26.jar:6.1.26]
	at org.mortbay.jetty.HttpParser.parseAvailable(HttpParser.java:218) [jetty-6.1.26.jar:6.1.26]
	at org.mortbay.jetty.HttpConnection.handle(HttpConnection.java:404) [jetty-6.1.26.jar:6.1.26]
	at org.mortbay.io.nio.SelectChannelEndPoint.run(SelectChannelEndPoint.java:410) [jetty-6.1.26.jar:6.1.26]
	at org.mortbay.thread.QueuedThreadPool$PoolThread.run(QueuedThreadPool.java:582) [jetty-util-6.1.26.jar:6.1.26]
15:41:41,711 DEBUG 2016-04-22 15:41:41,711 dvk.core.Settings.extractSettings:389 - server_jdigidoc_config_location conf value: jar://jdigidoc.cfg
15:41:41,715 SERVICEINFO 2016-04-22 15:41:41,715 dhl.CoreServices.listMethods:139 - Sissetulev päring teenusele ListMethods
